<?xml version="1.0" encoding="UTF-8"?>
<testsuite name="karttageneraattori.AppTest" tests="1" skipped="0" failures="0" errors="0" timestamp="2021-03-19T18:30:48" hostname="lx8-fuxi017" time="0.003">
  <properties/>
  <testcase name="testAppHasAGreeting" classname="karttageneraattori.AppTest" time="0.003"/>
  <system-out><![CDATA[]]></system-out>
  <system-err><![CDATA[]]></system-err>
</testsuite>
